c:\users\hampz\onedrive\visualstudio\advprog-assg.2-task3\advprog-assg.2-task3\debug\advprog-assg.2-task3.pch
c:\users\hampz\onedrive\visualstudio\advprog-assg.2-task3\advprog-assg.2-task3\debug\vc141.pdb
c:\users\hampz\onedrive\visualstudio\advprog-assg.2-task3\advprog-assg.2-task3\debug\vc141.idb
c:\users\hampz\onedrive\visualstudio\advprog-assg.2-task3\advprog-assg.2-task3\debug\stdafx.obj
c:\users\hampz\onedrive\visualstudio\advprog-assg.2-task3\advprog-assg.2-task3\debug\advprog-assg.2-task3.obj
c:\users\hampz\onedrive\visualstudio\advprog-assg.2-task3\debug\advprog-assg.2-task3.exe
c:\users\hampz\onedrive\visualstudio\advprog-assg.2-task3\debug\advprog-assg.2-task3.ilk
c:\users\hampz\onedrive\visualstudio\advprog-assg.2-task3\debug\advprog-assg.2-task3.pdb
c:\users\hampz\onedrive\school\advanced programming\2c_uva10307-killingaliensinborgsmaze\advprog-assg.2-task3\debug\advprog-assg.2-task3.obj
c:\users\hampz\onedrive\school\advanced programming\2c_uva10307-killingaliensinborgsmaze\advprog-assg.2-task3\debug\stdafx.obj
c:\users\hampz\onedrive\school\advanced programming\2c_uva10307-killingaliensinborgsmaze\advprog-assg.2-task3\debug\advprog-assg.2-task3.obj.enc
c:\users\hampz\onedrive\school\advanced programming\2c_uva10307-killingaliensinborgsmaze\advprog-assg.2-task3\debug\advprog-assg.2-task3.pch
c:\users\hampz\onedrive\school\advanced programming\2c_uva10307-killingaliensinborgsmaze\advprog-assg.2-task3\debug\vc141.idb
c:\users\hampz\onedrive\school\advanced programming\2c_uva10307-killingaliensinborgsmaze\advprog-assg.2-task3\debug\vc141.pdb
c:\users\hampz\onedrive\school\advanced programming\2c_uva10307-killingaliensinborgsmaze\debug\advprog-assg.2-task3.pdb
c:\users\hampz\onedrive\school\advanced programming\2c_uva10307-killingaliensinborgsmaze\debug\advprog-assg.2-task3.exe
c:\users\hampz\onedrive\school\advanced programming\2c_uva10307-killingaliensinborgsmaze\debug\advprog-assg.2-task3.ilk
c:\users\hampz\onedrive\school\advanced programming\2c_uva10307-killingaliensinborgsmaze\advprog-assg.2-task3\debug\advprog-.75130d86.tlog\cl.command.1.tlog
c:\users\hampz\onedrive\school\advanced programming\2c_uva10307-killingaliensinborgsmaze\advprog-assg.2-task3\debug\advprog-.75130d86.tlog\cl.read.1.tlog
c:\users\hampz\onedrive\school\advanced programming\2c_uva10307-killingaliensinborgsmaze\advprog-assg.2-task3\debug\advprog-.75130d86.tlog\cl.write.1.tlog
c:\users\hampz\onedrive\school\advanced programming\2c_uva10307-killingaliensinborgsmaze\advprog-assg.2-task3\debug\advprog-.75130d86.tlog\link.command.1.tlog
c:\users\hampz\onedrive\school\advanced programming\2c_uva10307-killingaliensinborgsmaze\advprog-assg.2-task3\debug\advprog-.75130d86.tlog\link.read.1.tlog
c:\users\hampz\onedrive\school\advanced programming\2c_uva10307-killingaliensinborgsmaze\advprog-assg.2-task3\debug\advprog-.75130d86.tlog\link.write.1.tlog
